Compilación iniciada a las 17/11/2015 16:11:24.
     1>Proyecto "C:\Users\Jordi\Documents\GitHub\Zorklon\Zorklon\Zorklon\Zorklon.vcxproj" en el nodo 2 (Build destinos).
     1>ClCompile:
         C:\Program Files (x86)\Microsoft Visual Studio 12.0\VC\bin\CL.exe /c /Zi /nologo /W3 /WX- /sdl /O2 /Oi /Oy- /GL /D WIN32 /D NDEBUG /D _CONSOLE /D _LIB /D _UNICODE /D UNICODE /Gm- /EHsc /MD /GS /Gy /fp:precise /Zc:wchar_t /Zc:forScope /Yu"stdafx.h" /Fp"Release\Zorklon.pch" /Fo"Release\\" /Fd"Release\vc120.pdb" /Gd /TP /analyze- /errorReport:prompt player.cpp world.cpp
         player.cpp
     1>c:\users\jordi\documents\github\zorklon\zorklon\zorklon\item.h(3): warning C4067: símbolos (token) inesperados después de la directiva del preprocesador; se esperaba una nueva línea
     1>c:\users\jordi\documents\github\zorklon\zorklon\zorklon\room.h(6): warning C4067: símbolos (token) inesperados después de la directiva del preprocesador; se esperaba una nueva línea
         world.cpp
     1>c:\users\jordi\documents\github\zorklon\zorklon\zorklon\item.h(3): warning C4067: símbolos (token) inesperados después de la directiva del preprocesador; se esperaba una nueva línea
     1>c:\users\jordi\documents\github\zorklon\zorklon\zorklon\room.h(6): warning C4067: símbolos (token) inesperados después de la directiva del preprocesador; se esperaba una nueva línea
       Link:
         C:\Program Files (x86)\Microsoft Visual Studio 12.0\VC\bin\link.exe /ERRORREPORT:PROMPT /OUT:"C:\Users\Jordi\Documents\GitHub\Zorklon\Zorklon\Release\Zorklon.exe" /INCREMENTAL:NO /NOLOGO kernel32.lib user32.lib gdi32.lib winspool.lib comdlg32.lib advapi32.lib shell32.lib ole32.lib oleaut32.lib uuid.lib odbc32.lib odbccp32.lib /MANIFEST /MANIFESTUAC:"level='asInvoker' uiAccess='false'" /manifest:embed /DEBUG /PDB:"C:\Users\Jordi\Documents\GitHub\Zorklon\Zorklon\Release\Zorklon.pdb" /SUBSYSTEM:CONSOLE /OPT:REF /OPT:ICF /LTCG /TLBID:1 /DYNAMICBASE /NXCOMPAT /IMPLIB:"C:\Users\Jordi\Documents\GitHub\Zorklon\Zorklon\Release\Zorklon.lib" /MACHINE:X86 /SAFESEH Release\door.obj
         Release\enemy.obj
         Release\entity.obj
         Release\input.obj
         Release\item.obj
         Release\player.obj
         Release\room.obj
         Release\stdafx.obj
         Release\main.obj
         Release\world.obj
         Generando código
         Generación de código finalizada
         Zorklon.vcxproj -> C:\Users\Jordi\Documents\GitHub\Zorklon\Zorklon\Release\Zorklon.exe
     1>Compilación del proyecto terminada "C:\Users\Jordi\Documents\GitHub\Zorklon\Zorklon\Zorklon\Zorklon.vcxproj" (Build destinos).

Compilación correcta.

Tiempo transcurrido 00:00:02.26
