Compilación iniciada a las 17/11/2015 14:10:41.
     1>Proyecto "C:\Users\Jordi\Documents\GitHub\Zorklon\Zorklon\Zorklon\Zorklon.vcxproj" en el nodo 2 (Build destinos).
     1>ClCompile:
         C:\Program Files (x86)\Microsoft Visual Studio 12.0\VC\bin\CL.exe /c /ZI /nologo /W3 /WX- /sdl /Od /Oy- /D WIN32 /D _DEBUG /D _CONSOLE /D _LIB /D _UNICODE /D UNICODE /Gm /EHsc /RTC1 /MDd /GS /fp:precise /Zc:wchar_t /Zc:forScope /Yu"stdafx.h" /Fp"Debug\Zorklon.pch" /Fo"Debug\\" /Fd"Debug\vc120.pdb" /Gd /TP /analyze- /errorReport:prompt enemy.cpp world.cpp
         world.cpp
     1>c:\users\jordi\documents\github\zorklon\zorklon\zorklon\item.h(3): warning C4067: símbolos (token) inesperados después de la directiva del preprocesador; se esperaba una nueva línea
     1>c:\users\jordi\documents\github\zorklon\zorklon\zorklon\room.h(6): warning C4067: símbolos (token) inesperados después de la directiva del preprocesador; se esperaba una nueva línea
         enemy.cpp
     1>c:\users\jordi\documents\github\zorklon\zorklon\zorklon\item.h(3): warning C4067: símbolos (token) inesperados después de la directiva del preprocesador; se esperaba una nueva línea
     1>c:\users\jordi\documents\github\zorklon\zorklon\zorklon\room.h(6): warning C4067: símbolos (token) inesperados después de la directiva del preprocesador; se esperaba una nueva línea
         Generando código...
       Link:
         C:\Program Files (x86)\Microsoft Visual Studio 12.0\VC\bin\link.exe /ERRORREPORT:PROMPT /OUT:"C:\Users\Jordi\Documents\GitHub\Zorklon\Zorklon\Debug\Zorklon.exe" /INCREMENTAL /NOLOGO kernel32.lib user32.lib gdi32.lib winspool.lib comdlg32.lib advapi32.lib shell32.lib ole32.lib oleaut32.lib uuid.lib odbc32.lib odbccp32.lib /MANIFEST /MANIFESTUAC:"level='asInvoker' uiAccess='false'" /manifest:embed /DEBUG /PDB:"C:\Users\Jordi\Documents\GitHub\Zorklon\Zorklon\Debug\Zorklon.pdb" /SUBSYSTEM:CONSOLE /TLBID:1 /DYNAMICBASE /NXCOMPAT /IMPLIB:"C:\Users\Jordi\Documents\GitHub\Zorklon\Zorklon\Debug\Zorklon.lib" /MACHINE:X86 Debug\door.obj
         Debug\enemy.obj
         Debug\entity.obj
         Debug\input.obj
         Debug\item.obj
         Debug\player.obj
         Debug\room.obj
         Debug\stdafx.obj
         Debug\main.obj
         Debug\world.obj
         Zorklon.vcxproj -> C:\Users\Jordi\Documents\GitHub\Zorklon\Zorklon\Debug\Zorklon.exe
     1>Compilación del proyecto terminada "C:\Users\Jordi\Documents\GitHub\Zorklon\Zorklon\Zorklon\Zorklon.vcxproj" (Build destinos).

Compilación correcta.

Tiempo transcurrido 00:00:01.25
