c:\users\jordi\documents\github\zorklon\zorklon\zorklon\debug\zorklon.pch
c:\users\jordi\documents\github\zorklon\zorklon\zorklon\debug\vc120.pdb
c:\users\jordi\documents\github\zorklon\zorklon\zorklon\debug\vc120.idb
c:\users\jordi\documents\github\zorklon\zorklon\zorklon\debug\stdafx.obj
c:\users\jordi\documents\github\zorklon\zorklon\zorklon\debug\zorklon.obj
c:\users\jordi\documents\github\zorklon\zorklon\zorklon\debug\main.obj
c:\users\jordi\documents\github\zorklon\zorklon\zorklon\debug\entity.obj
c:\users\jordi\documents\github\zorklon\zorklon\zorklon\debug\room.obj
c:\users\jordi\documents\github\zorklon\zorklon\zorklon\debug\world.obj
c:\users\jordi\documents\github\zorklon\zorklon\zorklon\debug\item.obj
c:\users\jordi\documents\github\zorklon\zorklon\zorklon\debug\player.obj
c:\users\jordi\documents\github\zorklon\zorklon\zorklon\debug\door.obj
c:\users\jordi\documents\github\zorklon\zorklon\zorklon\debug\input.obj
c:\users\jordi\documents\github\zorklon\zorklon\zorklon\debug\enemy.obj
c:\users\jordi\documents\github\zorklon\zorklon\debug\zorklon.ilk
c:\users\jordi\documents\github\zorklon\zorklon\debug\zorklon.exe
c:\users\jordi\documents\github\zorklon\zorklon\debug\zorklon.pdb
c:\users\jordi\documents\github\zorklon\zorklon\zorklon\debug\zorklon.tlog\cl.command.1.tlog
c:\users\jordi\documents\github\zorklon\zorklon\zorklon\debug\zorklon.tlog\cl.read.1.tlog
c:\users\jordi\documents\github\zorklon\zorklon\zorklon\debug\zorklon.tlog\cl.write.1.tlog
c:\users\jordi\documents\github\zorklon\zorklon\zorklon\debug\zorklon.tlog\link.command.1.tlog
c:\users\jordi\documents\github\zorklon\zorklon\zorklon\debug\zorklon.tlog\link.read.1.tlog
c:\users\jordi\documents\github\zorklon\zorklon\zorklon\debug\zorklon.tlog\link.write.1.tlog
